<?xml version="1.0" encoding="UTF-8"?>
<!-- Generated by org.testng.reporters.JUnitXMLReporter -->
<testsuite ignored="0" hostname="DESKTOP-QML39JM" failures="0" tests="3" name="Default test" time="0.066" errors="0" timestamp="2026-01-27T14:49:40 ICT">
  <testcase classname="Test.UserRegistrationTestNG" name="testUserRegistration" time="0.007"/>
  <testcase classname="Test.UserRegistrationTestNG" name="testUserRegistration" time="0.001"/>
  <testcase classname="Test.UserRegistrationTestNG" name="testUserRegistration" time="0.002"/>
</testsuite> <!-- Default test -->
