<?xml version="1.0" encoding="UTF-8"?>
<testng-results ignored="0" total="3" passed="3" failed="0" skipped="0">
  <reporter-output>
  </reporter-output>
  <suite started-at="2026-01-27T14:49:40 ICT" name="Default suite" finished-at="2026-01-27T14:49:40 ICT" duration-ms="66">
    <groups>
    </groups>
    <test started-at="2026-01-27T14:49:40 ICT" name="Default test" finished-at="2026-01-27T14:49:40 ICT" duration-ms="66">
      <class name="Test.UserRegistrationTestNG">
        <test-method signature="testUserRegistration(java.lang.String,java.lang.String,boolean)[pri:0, instance:Test.UserRegistrationTestNG@72035809]" started-at="2026-01-27T14:49:40 ICT" name="testUserRegistration" data-provider="registrationData" finished-at="2026-01-27T14:49:40 ICT" duration-ms="7" status="PASS">
          <params>
            <param index="0">
              <value>
                <![CDATA[existingUser]]>
              </value>
            </param>
            <param index="1">
              <value>
                <![CDATA[WeakPass1]]>
              </value>
            </param>
            <param index="2">
              <value>
                <![CDATA[false]]>
              </value>
            </param>
          </params>
          <reporter-output>
          </reporter-output>
        </test-method> <!-- testUserRegistration -->
        <test-method signature="testUserRegistration(java.lang.String,java.lang.String,boolean)[pri:0, instance:Test.UserRegistrationTestNG@72035809]" started-at="2026-01-27T14:49:40 ICT" name="testUserRegistration" data-provider="registrationData" finished-at="2026-01-27T14:49:40 ICT" duration-ms="1" status="PASS">
          <params>
            <param index="0">
              <value>
                <![CDATA[newUser]]>
              </value>
            </param>
            <param index="1">
              <value>
                <![CDATA[weak]]>
              </value>
            </param>
            <param index="2">
              <value>
                <![CDATA[false]]>
              </value>
            </param>
          </params>
          <reporter-output>
          </reporter-output>
        </test-method> <!-- testUserRegistration -->
        <test-method signature="testUserRegistration(java.lang.String,java.lang.String,boolean)[pri:0, instance:Test.UserRegistrationTestNG@72035809]" started-at="2026-01-27T14:49:40 ICT" name="testUserRegistration" data-provider="registrationData" finished-at="2026-01-27T14:49:40 ICT" duration-ms="2" status="PASS">
          <params>
            <param index="0">
              <value>
                <![CDATA[newUser]]>
              </value>
            </param>
            <param index="1">
              <value>
                <![CDATA[StrongPass1]]>
              </value>
            </param>
            <param index="2">
              <value>
                <![CDATA[true]]>
              </value>
            </param>
          </params>
          <reporter-output>
          </reporter-output>
        </test-method> <!-- testUserRegistration -->
      </class> <!-- Test.UserRegistrationTestNG -->
    </test> <!-- Default test -->
  </suite> <!-- Default suite -->
</testng-results>
