<?xml version="1.0" encoding="UTF-8"?>
<!-- Generated by org.testng.reporters.JUnitReportReporter -->
<testsuite hostname="DESKTOP-QML39JM" failures="0" tests="3" name="Test.RegisterTestData" time="0.015" errors="0" timestamp="2026-01-27T14:18:42 ICT" skipped="0">
  <testcase classname="Test.RegisterTestData" name="testUserRegistration" time="0.011"/>
  <testcase classname="Test.RegisterTestData" name="testUserRegistration" time="0.001"/>
  <testcase classname="Test.RegisterTestData" name="testUserRegistration" time="0.003"/>
</testsuite> <!-- Test.RegisterTestData -->
