<?xml version="1.0" encoding="UTF-8"?>
<!-- Generated by org.testng.reporters.JUnitReportReporter -->
<testsuite hostname="DESKTOP-QML39JM" failures="0" tests="3" name="Test.UserRegistrationTestNG" time="0.010" errors="0" timestamp="2026-01-27T14:49:40 ICT" skipped="0">
  <testcase classname="Test.UserRegistrationTestNG" name="testUserRegistration" time="0.002"/>
  <testcase classname="Test.UserRegistrationTestNG" name="testUserRegistration" time="0.001"/>
  <testcase classname="Test.UserRegistrationTestNG" name="testUserRegistration" time="0.007"/>
</testsuite> <!-- Test.UserRegistrationTestNG -->
